2014-10-16 09:17:46 [127.0.0.1][][-][error][yii\web\HttpException:404] exception 'yii\base\InvalidRouteException' with message 'Unable to resolve the request "site%2".' in /var/www/yii2.loc/vendor/yiisoft/yii2/base/Module.php:461
Stack trace:
#0 /var/www/yii2.loc/vendor/yiisoft/yii2/web/Application.php(83): yii\base\Module->runAction('site%2', Array)
#1 /var/www/yii2.loc/vendor/yiisoft/yii2/base/Application.php(375): yii\web\Application->handleRequest(Object(yii\web\Request))
#2 /var/www/yii2.loc/web/index.php(12): yii\base\Application->run()
#3 {main}

Next exception 'yii\web\NotFoundHttpException' with message 'Unable to resolve the request "site%2".' in /var/www/yii2.loc/vendor/yiisoft/yii2/web/Application.php:95
Stack trace:
#0 /var/www/yii2.loc/vendor/yiisoft/yii2/base/Application.php(375): yii\web\Application->handleRequest(Object(yii\web\Request))
#1 /var/www/yii2.loc/web/index.php(12): yii\base\Application->run()
#2 {main}
2014-10-16 09:17:46 [127.0.0.1][][-][info][application] $_GET = [
    'r' => 'site%2'
]

$_COOKIE = [
    '_csrf' => '570313320285ac9fefe31c4e6b6744c2f3205b6592ed779b730c27dccea2c828s:32:\"nDEzD6z2ErvT3eFTNwa1XKt9Ft_XI9Ih\";'
    'PHPSESSID' => '111u0tvbl0ranok0hfgqv077v6'
]

$_SESSION = [
    '__flash' => []
    '__captcha/site/captcha' => 'tutove'
    '__captcha/site/captchacount' => 1
]

$_SERVER = [
    'HTTP_HOST' => 'yii2.loc'
    'HTTP_CONNECTION' => 'keep-alive'
    'HTTP_ACCEPT' => 'text/html,application/xhtml+xml,application/xml;q=0.9,image/webp,*/*;q=0.8'
    'HTTP_USER_AGENT' => 'Mozilla/5.0 (X11; Linux x86_64) AppleWebKit/537.36 (KHTML, like Gecko) Chrome/38.0.2125.104 Safari/537.36'
    'HTTP_ACCEPT_ENCODING' => 'gzip,deflate,sdch'
    'HTTP_ACCEPT_LANGUAGE' => 'ru-RU,ru;q=0.8,en-US;q=0.6,en;q=0.4,uk;q=0.2'
    'HTTP_COOKIE' => '_csrf=570313320285ac9fefe31c4e6b6744c2f3205b6592ed779b730c27dccea2c828s%3A32%3A%22nDEzD6z2ErvT3eFTNwa1XKt9Ft_XI9Ih%22%3B; PHPSESSID=111u0tvbl0ranok0hfgqv077v6'
    'PATH' => '/usr/local/sbin:/usr/local/bin:/usr/sbin:/usr/bin:/sbin:/bin'
    'SERVER_SIGNATURE' => '<address>Apache/2.4.7 (Ubuntu) Server at yii2.loc Port 80</address>
'
    'SERVER_SOFTWARE' => 'Apache/2.4.7 (Ubuntu)'
    'SERVER_NAME' => 'yii2.loc'
    'SERVER_ADDR' => '127.0.0.12'
    'SERVER_PORT' => '80'
    'REMOTE_ADDR' => '127.0.0.1'
    'DOCUMENT_ROOT' => '/var/www/yii2.loc/web/'
    'REQUEST_SCHEME' => 'http'
    'CONTEXT_PREFIX' => ''
    'CONTEXT_DOCUMENT_ROOT' => '/var/www/yii2.loc/web/'
    'SERVER_ADMIN' => '[no address given]'
    'SCRIPT_FILENAME' => '/var/www/yii2.loc/web/index.php'
    'REMOTE_PORT' => '52424'
    'GATEWAY_INTERFACE' => 'CGI/1.1'
    'SERVER_PROTOCOL' => 'HTTP/1.1'
    'REQUEST_METHOD' => 'GET'
    'QUERY_STRING' => 'r=site%2'
    'REQUEST_URI' => '/index.php?r=site%2'
    'SCRIPT_NAME' => '/index.php'
    'PHP_SELF' => '/index.php'
    'REQUEST_TIME_FLOAT' => 1413451066.093
    'REQUEST_TIME' => 1413451066
]
